<?xml version="1.0" encoding="UTF-8"?>
<!-- Generated by org.testng.reporters.JUnitReportReporter -->
<testsuite skipped="0" hostname="DESKTOP-DCMLM20" name="com.JDBC.Practise.DataEntryDatabase" tests="1" failures="0" timestamp="2021-12-07T22:51:06 IST" time="0.214" errors="0">
  <testcase name="dataEntryDatabase" time="0.214" classname="com.JDBC.Practise.DataEntryDatabase"/>
  <system-out/>
</testsuite> <!-- com.JDBC.Practise.DataEntryDatabase -->
