<?xml version="1.0" encoding="UTF-8"?>
<!-- Generated by org.testng.reporters.JUnitReportReporter -->
<testsuite skipped="0" hostname="DESKTOP-DCMLM20" name="com.VTiger.TC.TC003_CreateContactwithOrganisationTest" tests="2" failures="0" timestamp="2021-12-09T23:04:35 IST" time="23.134" errors="0">
  <testcase name="createcontact" time="10.940" classname="com.VTiger.TC.TC003_CreateContactwithOrganisationTest"/>
  <system-out/>
  <testcase name="CreateContact" time="12.194" classname="com.VTiger.TC.TC003_CreateContactwithOrganisationTest"/>
  <system-out/>
</testsuite> <!-- com.VTiger.TC.TC003_CreateContactwithOrganisationTest -->
