<?xml version="1.0" encoding="UTF-8"?>
<!-- Generated by org.testng.reporters.JUnitReportReporter -->
<testsuite skipped="0" hostname="DESKTOP-DCMLM20" name="com.sdet.practise.DataProvider1" tests="4" failures="0" timestamp="2021-12-09T12:49:34 IST" time="0.000" errors="0">
  <testcase name="print" time="0.000" classname="com.sdet.practise.DataProvider1"/>
  <system-out/>
  <testcase name="print" time="0.000" classname="com.sdet.practise.DataProvider1"/>
  <system-out/>
  <testcase name="print" time="0.000" classname="com.sdet.practise.DataProvider1"/>
  <system-out/>
  <testcase name="print" time="0.000" classname="com.sdet.practise.DataProvider1"/>
  <system-out/>
</testsuite> <!-- com.sdet.practise.DataProvider1 -->
