<?xml version="1.0" encoding="UTF-8"?>
<!-- Generated by org.testng.reporters.JUnitReportReporter -->
<testsuite skipped="1" hostname="DESKTOP-DCMLM20" name="com.VTiger.TC.TC001_CreateOrganisationTest" tests="3" failures="0" timestamp="2021-12-09T23:25:37 IST" time="52.799" errors="0">
  <testcase name="createorgwithphoneno" time="11.758" classname="com.VTiger.TC.TC001_CreateOrganisationTest"/>
  <system-out/>
  <testcase name="createorganisation" time="11.457" classname="com.VTiger.TC.TC001_CreateOrganisationTest"/>
  <system-out/>
  <testcase name="createorgwithphoneno" time="29.584" classname="com.VTiger.TC.TC001_CreateOrganisationTest">
    <skipped/>
  </testcase> <!-- createorgwithphoneno -->
  <system-out/>
</testsuite> <!-- com.VTiger.TC.TC001_CreateOrganisationTest -->
