<?xml version="1.0" encoding="UTF-8"?>
<!-- Generated by org.testng.reporters.JUnitReportReporter -->
<testsuite skipped="0" hostname="DESKTOP-DCMLM20" name="com.sdet.practise.CommandlineArgumentsTest" tests="1" failures="0" timestamp="2021-12-10T12:18:30 IST" time="5.847" errors="0">
  <testcase name="commandlineparameter" time="5.847" classname="com.sdet.practise.CommandlineArgumentsTest"/>
  <system-out/>
</testsuite> <!-- com.sdet.practise.CommandlineArgumentsTest -->
