<?xml version="1.0" encoding="UTF-8"?>
<!-- Generated by org.testng.reporters.JUnitReportReporter -->
<testsuite skipped="0" hostname="DESKTOP-DCMLM20" name="com.JDBC.Practise.ExecuteQueryTest" tests="1" failures="0" timestamp="2021-12-07T23:07:06 IST" time="0.251" errors="0">
  <testcase name="executeQueryTest" time="0.251" classname="com.JDBC.Practise.ExecuteQueryTest"/>
  <system-out/>
</testsuite> <!-- com.JDBC.Practise.ExecuteQueryTest -->
