<?xml version="1.0" encoding="UTF-8"?>
<!-- Generated by org.testng.reporters.JUnitReportReporter -->
<testsuite skipped="0" hostname="DESKTOP-DCMLM20" name="com.JDBC.Practise.CreateTable" tests="1" failures="0" timestamp="2021-12-07T23:07:18 IST" time="0.269" errors="0">
  <testcase name="createTable" time="0.269" classname="com.JDBC.Practise.CreateTable"/>
  <system-out/>
</testsuite> <!-- com.JDBC.Practise.CreateTable -->
