<?xml version="1.0" encoding="UTF-8"?>
<!-- Generated by org.testng.reporters.JUnitReportReporter -->
<testsuite skipped="0" hostname="DESKTOP-DCMLM20" name="com.VTiger.TC.TC002_CreateOrganisationwithdropdownTest" tests="1" failures="0" timestamp="2021-12-09T23:03:30 IST" time="12.589" errors="0">
  <testcase name="CreateOrgwithDD" time="12.589" classname="com.VTiger.TC.TC002_CreateOrganisationwithdropdownTest"/>
  <system-out/>
</testsuite> <!-- com.VTiger.TC.TC002_CreateOrganisationwithdropdownTest -->
