<?xml version="1.0" encoding="UTF-8"?>
<!-- Generated by org.testng.reporters.JUnitReportReporter -->
<testsuite skipped="0" hostname="DESKTOP-DCMLM20" name="com.JDBC.Practise.ExecuteUpdateTest" tests="1" failures="0" timestamp="2021-12-07T17:44:56 IST" time="0.198" errors="0">
  <testcase name="executeUpdate" time="0.198" classname="com.JDBC.Practise.ExecuteUpdateTest"/>
  <system-out/>
</testsuite> <!-- com.JDBC.Practise.ExecuteUpdateTest -->
