<?xml version="1.0" encoding="UTF-8"?>
<!-- Generated by org.testng.reporters.JUnitReportReporter -->
<testsuite skipped="0" hostname="DESKTOP-DCMLM20" name="com.sdet.practise.DataProviderWithExcel1" tests="4" failures="0" timestamp="2021-12-11T10:44:07 IST" time="0.008" errors="0">
  <testcase name="values" time="0.000" classname="com.sdet.practise.DataProviderWithExcel1"/>
  <system-out/>
  <testcase name="values" time="0.006" classname="com.sdet.practise.DataProviderWithExcel1"/>
  <system-out/>
  <testcase name="values" time="0.001" classname="com.sdet.practise.DataProviderWithExcel1"/>
  <system-out/>
  <testcase name="values" time="0.001" classname="com.sdet.practise.DataProviderWithExcel1"/>
  <system-out/>
</testsuite> <!-- com.sdet.practise.DataProviderWithExcel1 -->
